{"message":"Route found for /_default/ : {\"controller\":\"controllers\\\\IndexController\",\"action\":\"index\",\"mainParams\":null}","context":{"context":"Router","part":"getRouteUrlParts","extra":null},"level":200,"level_name":"INFO","channel":"s62260442415ae","datetime":"2022-03-07T14:10:29.240343+01:00","extra":{}}
{"message":"Route found for /_default/ : {\"controller\":\"controllers\\\\IndexController\",\"action\":\"index\",\"mainParams\":null}","context":{"context":"Router","part":"getRouteUrlParts","extra":null},"level":200,"level_name":"INFO","channel":"s62260442415ae","datetime":"2022-03-07T14:10:49.574443+01:00","extra":{}}
{"message":"Route found for /_default/ : {\"controller\":\"controllers\\\\IndexController\",\"action\":\"index\",\"mainParams\":null}","context":{"context":"Router","part":"getRouteUrlParts","extra":null},"level":200,"level_name":"INFO","channel":"s62260442415ae","datetime":"2022-03-07T14:11:15.962574+01:00","extra":{}}
{"message":"SQLSTATE[HY000] [1049] Unknown database 'newbase'","context":{"context":"DAO","part":null,"extra":null},"level":400,"level_name":"ERROR","channel":"s62260442415ae","datetime":"2022-03-07T14:12:47.074513+01:00","extra":{}}
{"message":"SQLSTATE[HY000] [1049] Unknown database 'newbase'","context":{"context":"DAO","part":null,"extra":null},"level":400,"level_name":"ERROR","channel":"s62260442415ae","datetime":"2022-03-07T14:13:31.555847+01:00","extra":{}}
{"message":"Start transaction","context":{"context":"Transactions","part":"beginTransaction","extra":null},"level":200,"level_name":"INFO","channel":"s62260442415ae","datetime":"2022-03-07T14:13:31.782205+01:00","extra":{}}
{"message":"SELECT COUNT(*) FROM `group`","context":{"context":"Database","part":"prepareAndFetchColumn","extra":null},"level":200,"level_name":"INFO","channel":"s62260442415ae","datetime":"2022-03-07T14:14:04.785008+01:00","extra":{}}
{"message":"SELECT COUNT(*) FROM `organization`","context":{"context":"Database","part":"prepareAndFetchColumn","extra":null},"level":200,"level_name":"INFO","channel":"s62260442415ae","datetime":"2022-03-07T14:14:04.790355+01:00","extra":{}}
{"message":"SELECT COUNT(*) FROM `user`","context":{"context":"Database","part":"prepareAndFetchColumn","extra":null},"level":200,"level_name":"INFO","channel":"s62260442415ae","datetime":"2022-03-07T14:14:04.792650+01:00","extra":{}}
{"message":"SELECT COUNT(*) FROM `group` WHERE 1=1","context":{"context":"Database","part":"prepareAndFetchColumn","extra":null},"level":200,"level_name":"INFO","channel":"s62260442415ae","datetime":"2022-03-07T14:15:15.586582+01:00","extra":{}}
{"message":"SELECT `group`.`id`,`group`.`name`,`group`.`email`,`group`.`aliases`,`group`.`idOrganization` FROM `group` ","context":{"context":"Database","part":"prepareAndExecute","extra":null},"level":200,"level_name":"INFO","channel":"s62260442415ae","datetime":"2022-03-07T14:15:15.594480+01:00","extra":{}}
{"message":"SELECT COUNT(*) FROM `user` WHERE 1=1","context":{"context":"Database","part":"prepareAndFetchColumn","extra":null},"level":200,"level_name":"INFO","channel":"s62260442415ae","datetime":"2022-03-07T14:15:35.078781+01:00","extra":{}}
{"message":"SELECT `user`.`id`,`user`.`firstname`,`user`.`lastname`,`user`.`email`,`user`.`password`,`user`.`suspended`,`user`.`idOrganization` FROM `user`  WHERE 1=1 LIMIT 6 OFFSET 0","context":{"context":"Database","part":"prepareAndExecute","extra":null},"level":200,"level_name":"INFO","channel":"s62260442415ae","datetime":"2022-03-07T14:15:35.084504+01:00","extra":{}}
{"message":"SELECT `user`.`id`,`user`.`firstname`,`user`.`lastname`,`user`.`email`,`user`.`password`,`user`.`suspended`,`user`.`idOrganization` FROM `user`  WHERE `id` = ? limit 1","context":{"context":"Database","part":"prepareAndExecute","extra":["1"]},"level":200,"level_name":"INFO","channel":"s62260442415ae","datetime":"2022-03-07T14:15:37.926428+01:00","extra":{}}
{"message":"SELECT `organization`.`id`,`organization`.`name`,`organization`.`domain`,`organization`.`aliases` FROM `organization`  WHERE `id`= ?","context":{"context":"Database","part":"prepareAndExecute","extra":[2]},"level":200,"level_name":"INFO","channel":"s62260442415ae","datetime":"2022-03-07T14:15:37.951284+01:00","extra":{}}
{"message":"SELECT `group`.`id`,`group`.`name`,`group`.`email`,`group`.`aliases`,`group`.`idOrganization` FROM `group`  WHERE `group`.`id`= ?","context":{"context":"Database","part":"prepareAndExecute","extra":[3]},"level":200,"level_name":"INFO","channel":"s62260442415ae","datetime":"2022-03-07T14:15:37.963126+01:00","extra":{}}
{"message":"SELECT `group`.`id`,`group`.`name`,`group`.`email`,`group`.`aliases`,`group`.`idOrganization` FROM `group`  INNER JOIN `groupusers` on `groupusers`.`idGroup`=`group`.`id` WHERE `groupusers`.`idUser`= ?","context":{"context":"Database","part":"prepareAndExecute","extra":[1]},"level":200,"level_name":"INFO","channel":"s62260442415ae","datetime":"2022-03-07T14:15:37.971468+01:00","extra":{}}
{"message":"SELECT `user`.`id`,`user`.`firstname`,`user`.`lastname`,`user`.`email`,`user`.`password`,`user`.`suspended`,`user`.`idOrganization` FROM `user`  WHERE `id` = ? limit 1","context":{"context":"Database","part":"prepareAndExecute","extra":["1"]},"level":200,"level_name":"INFO","channel":"s62260442415ae","datetime":"2022-03-07T14:15:38.972823+01:00","extra":{}}
{"message":"SELECT `organization`.`id`,`organization`.`name`,`organization`.`domain`,`organization`.`aliases` FROM `organization`  WHERE `id`= ?","context":{"context":"Database","part":"prepareAndExecute","extra":[2]},"level":200,"level_name":"INFO","channel":"s62260442415ae","datetime":"2022-03-07T14:15:38.977235+01:00","extra":{}}
{"message":"SELECT `group`.`id`,`group`.`name`,`group`.`email`,`group`.`aliases`,`group`.`idOrganization` FROM `group`  WHERE `group`.`id`= ?","context":{"context":"Database","part":"prepareAndExecute","extra":[3]},"level":200,"level_name":"INFO","channel":"s62260442415ae","datetime":"2022-03-07T14:15:38.981505+01:00","extra":{}}
{"message":"SELECT COUNT(*) FROM `user` WHERE 1=1","context":{"context":"Database","part":"prepareAndFetchColumn","extra":null},"level":200,"level_name":"INFO","channel":"s62260442415ae","datetime":"2022-03-07T14:15:45.593587+01:00","extra":{}}
{"message":"SELECT `user`.`id`,`user`.`firstname`,`user`.`lastname`,`user`.`email`,`user`.`password`,`user`.`suspended`,`user`.`idOrganization` FROM `user`  WHERE 1=1 LIMIT 6 OFFSET 0","context":{"context":"Database","part":"prepareAndExecute","extra":null},"level":200,"level_name":"INFO","channel":"s62260442415ae","datetime":"2022-03-07T14:15:45.598542+01:00","extra":{}}
{"message":"SELECT COUNT(*) FROM `user` WHERE 1=1","context":{"context":"Database","part":"prepareAndFetchColumn","extra":null},"level":200,"level_name":"INFO","channel":"s62260442415ae","datetime":"2022-03-07T14:19:51.342074+01:00","extra":{}}
{"message":"SELECT `user`.`id`,`user`.`firstname`,`user`.`lastname`,`user`.`email`,`user`.`password`,`user`.`suspended`,`user`.`idOrganization` FROM `user`  WHERE 1=1 LIMIT 6 OFFSET 0","context":{"context":"Database","part":"prepareAndExecute","extra":null},"level":200,"level_name":"INFO","channel":"s62260442415ae","datetime":"2022-03-07T14:19:51.347792+01:00","extra":{}}
{"message":"SELECT COUNT(*) FROM `group`","context":{"context":"Database","part":"prepareAndFetchColumn","extra":null},"level":200,"level_name":"INFO","channel":"s62260442415ae","datetime":"2022-03-07T14:19:51.467872+01:00","extra":{}}
{"message":"SELECT COUNT(*) FROM `organization`","context":{"context":"Database","part":"prepareAndFetchColumn","extra":null},"level":200,"level_name":"INFO","channel":"s62260442415ae","datetime":"2022-03-07T14:19:51.468906+01:00","extra":{}}
{"message":"SELECT COUNT(*) FROM `user`","context":{"context":"Database","part":"prepareAndFetchColumn","extra":null},"level":200,"level_name":"INFO","channel":"s62260442415ae","datetime":"2022-03-07T14:19:51.469749+01:00","extra":{}}
{"message":"SELECT COUNT(*) FROM `user` WHERE 1=1","context":{"context":"Database","part":"prepareAndFetchColumn","extra":null},"level":200,"level_name":"INFO","channel":"s62260442415ae","datetime":"2022-03-07T14:20:35.101807+01:00","extra":{}}
{"message":"SELECT `user`.`id`,`user`.`firstname`,`user`.`lastname`,`user`.`email`,`user`.`password`,`user`.`suspended`,`user`.`idOrganization` FROM `user`  WHERE 1=1 LIMIT 6 OFFSET 0","context":{"context":"Database","part":"prepareAndExecute","extra":null},"level":200,"level_name":"INFO","channel":"s62260442415ae","datetime":"2022-03-07T14:20:35.108495+01:00","extra":{}}
{"message":"SELECT COUNT(*) FROM `group`","context":{"context":"Database","part":"prepareAndFetchColumn","extra":null},"level":200,"level_name":"INFO","channel":"s62260442415ae","datetime":"2022-03-07T14:20:35.216099+01:00","extra":{}}
{"message":"SELECT COUNT(*) FROM `organization`","context":{"context":"Database","part":"prepareAndFetchColumn","extra":null},"level":200,"level_name":"INFO","channel":"s62260442415ae","datetime":"2022-03-07T14:20:35.217267+01:00","extra":{}}
{"message":"SELECT COUNT(*) FROM `user`","context":{"context":"Database","part":"prepareAndFetchColumn","extra":null},"level":200,"level_name":"INFO","channel":"s62260442415ae","datetime":"2022-03-07T14:20:35.217983+01:00","extra":{}}
{"message":"SELECT COUNT(*) FROM `user` WHERE 1=1","context":{"context":"Database","part":"prepareAndFetchColumn","extra":null},"level":200,"level_name":"INFO","channel":"s62260442415ae","datetime":"2022-03-07T14:20:37.372474+01:00","extra":{}}
{"message":"SELECT `user`.`id`,`user`.`firstname`,`user`.`lastname`,`user`.`email`,`user`.`password`,`user`.`suspended`,`user`.`idOrganization` FROM `user`  WHERE 1=1 LIMIT 6 OFFSET 0","context":{"context":"Database","part":"prepareAndExecute","extra":null},"level":200,"level_name":"INFO","channel":"s62260442415ae","datetime":"2022-03-07T14:20:37.377593+01:00","extra":{}}
{"message":"SELECT COUNT(*) FROM `group`","context":{"context":"Database","part":"prepareAndFetchColumn","extra":null},"level":200,"level_name":"INFO","channel":"s62260442415ae","datetime":"2022-03-07T14:20:37.486235+01:00","extra":{}}
{"message":"SELECT COUNT(*) FROM `organization`","context":{"context":"Database","part":"prepareAndFetchColumn","extra":null},"level":200,"level_name":"INFO","channel":"s62260442415ae","datetime":"2022-03-07T14:20:37.487816+01:00","extra":{}}
{"message":"SELECT COUNT(*) FROM `user`","context":{"context":"Database","part":"prepareAndFetchColumn","extra":null},"level":200,"level_name":"INFO","channel":"s62260442415ae","datetime":"2022-03-07T14:20:37.488606+01:00","extra":{}}
{"message":"SELECT COUNT(*) FROM `user` WHERE 1=1","context":{"context":"Database","part":"prepareAndFetchColumn","extra":null},"level":200,"level_name":"INFO","channel":"s62260442415ae","datetime":"2022-03-07T14:21:07.409987+01:00","extra":{}}
{"message":"SELECT `user`.`id`,`user`.`firstname`,`user`.`lastname`,`user`.`email`,`user`.`password`,`user`.`suspended`,`user`.`idOrganization` FROM `user`  WHERE 1=1 LIMIT 6 OFFSET 0","context":{"context":"Database","part":"prepareAndExecute","extra":null},"level":200,"level_name":"INFO","channel":"s62260442415ae","datetime":"2022-03-07T14:21:07.414721+01:00","extra":{}}
{"message":"SELECT COUNT(*) FROM `group`","context":{"context":"Database","part":"prepareAndFetchColumn","extra":null},"level":200,"level_name":"INFO","channel":"s62260442415ae","datetime":"2022-03-07T14:21:07.516792+01:00","extra":{}}
{"message":"SELECT COUNT(*) FROM `organization`","context":{"context":"Database","part":"prepareAndFetchColumn","extra":null},"level":200,"level_name":"INFO","channel":"s62260442415ae","datetime":"2022-03-07T14:21:07.517646+01:00","extra":{}}
{"message":"SELECT COUNT(*) FROM `user`","context":{"context":"Database","part":"prepareAndFetchColumn","extra":null},"level":200,"level_name":"INFO","channel":"s62260442415ae","datetime":"2022-03-07T14:21:07.518185+01:00","extra":{}}
